2.598858000000000000e+06
2.663728000000000000e+06
1.481238000000000000e+06
2.600514000000000000e+06
2.985343000000000000e+06
2.674068000000000000e+06
2.583824000000000000e+06
2.530186000000000000e+06
2.564940000000000000e+06
2.731448000000000000e+06
2.601906000000000000e+06
9.695654000000000000e+06
2.679917000000000000e+06
2.839367000000000000e+06
2.775585000000000000e+06
1.373624000000000000e+06
9.640787000000000000e+06
3.141899000000000000e+06
1.892871000000000000e+06
9.783947000000000000e+06
2.503306000000000000e+06
2.606992000000000000e+06
2.037805000000000000e+06
5.021171000000000000e+06
3.267765000000000000e+06
7.774839000000000000e+06
6.208052000000000000e+06
1.710197000000000000e+06
3.948566000000000000e+06
1.121651900000000000e+07
4.698235000000000000e+06
3.188711000000000000e+06
2.916252000000000000e+06
1.061128000000000000e+07
1.051313000000000000e+07
7.032598000000000000e+06
6.039505000000000000e+06
2.292234000000000000e+06
5.945025000000000000e+06
3.983760000000000000e+06
7.509128000000000000e+06
9.047525000000000000e+06
2.723013000000000000e+06
4.831859000000000000e+06
5.445731000000000000e+06
3.180846000000000000e+06
5.273117000000000000e+06
2.179136000000000000e+06
3.512805000000000000e+06
3.652480000000000000e+06
3.922331000000000000e+06
6.720279000000000000e+06
3.013135000000000000e+06
3.706260000000000000e+06
3.641060000000000000e+06
3.196862000000000000e+06
3.739432000000000000e+06
7.463840000000000000e+06
6.079127000000000000e+06
7.329435000000000000e+06
9.632834000000000000e+06
3.558575000000000000e+06
2.384007000000000000e+06
2.334418000000000000e+06
1.122277500000000000e+07
1.104620600000000000e+07
3.379951000000000000e+06
9.989217000000000000e+06
5.667313000000000000e+06
1.559710000000000000e+06
6.466763000000000000e+06
6.701939000000000000e+06
1.093526200000000000e+07
1.125165000000000000e+07
2.890682000000000000e+06
9.914069000000000000e+06
4.337958000000000000e+06
1.083251900000000000e+07
4.773171000000000000e+06
1.098509500000000000e+07
1.034475300000000000e+07
5.240067000000000000e+06
4.437751000000000000e+06
1.106950900000000000e+07
7.421450000000000000e+06
4.377123000000000000e+06
6.520939000000000000e+06
1.050187100000000000e+07
6.079338000000000000e+06
1.030651000000000000e+07
4.099368000000000000e+06
5.093040000000000000e+06
5.205345000000000000e+06
4.090764000000000000e+06
7.946210000000000000e+06
8.932296000000000000e+06
8.265490000000000000e+06
8.686606000000000000e+06
4.567642000000000000e+06
1.094240600000000000e+07
5.791222000000000000e+06
9.866481000000000000e+06
3.777905000000000000e+06
2.725676000000000000e+06
1.967954000000000000e+06
6.743397000000000000e+06
4.352248000000000000e+06
5.527319000000000000e+06
2.388346000000000000e+06
2.284113000000000000e+06
3.113752000000000000e+06
2.459842000000000000e+06
4.628325000000000000e+06
2.858963000000000000e+06
4.618984000000000000e+06
3.228528000000000000e+06
4.592712000000000000e+06
4.757497000000000000e+06
2.152867000000000000e+06
2.233707000000000000e+06
2.160490000000000000e+06
2.363371000000000000e+06
2.402011000000000000e+06
3.652518000000000000e+06
6.583998000000000000e+06
4.323522000000000000e+06
4.766435000000000000e+06
2.419481000000000000e+06
2.348240000000000000e+06
3.886606000000000000e+06
3.793084000000000000e+06
3.265948000000000000e+06
2.801844000000000000e+06
2.504834000000000000e+06
3.700784000000000000e+06
3.788708000000000000e+06
3.433778000000000000e+06
3.049000000000000000e+06
2.494408000000000000e+06
2.057750000000000000e+06
2.953468000000000000e+06
2.331354000000000000e+06
2.241358000000000000e+06
2.385751000000000000e+06
3.738871000000000000e+06
7.562221000000000000e+06
4.439300000000000000e+06
5.399518000000000000e+06
2.063615000000000000e+06
2.320701000000000000e+06
2.490042000000000000e+06
1.881226000000000000e+06
2.615576000000000000e+06
2.018509000000000000e+06
9.914622000000000000e+06
8.889261000000000000e+06
2.986599000000000000e+06
6.929308000000000000e+06
3.019829000000000000e+06
2.225506000000000000e+06
2.747060000000000000e+06
2.635334000000000000e+06
3.138653000000000000e+06
2.004145000000000000e+06
2.638429000000000000e+06
1.078314000000000000e+07
9.780022000000000000e+06
3.187440000000000000e+06
1.670993000000000000e+06
1.990451000000000000e+06
1.048077600000000000e+07
5.857164000000000000e+06
1.462334000000000000e+06
2.974155000000000000e+06
6.942881000000000000e+06
6.305164000000000000e+06
2.031760000000000000e+06
1.988763000000000000e+06
2.017395000000000000e+06
3.320817000000000000e+06
3.449563000000000000e+06
2.647894000000000000e+06
1.116369900000000000e+07
2.883820000000000000e+06
4.243089000000000000e+06
2.141099000000000000e+06
1.278761000000000000e+06
8.814666000000000000e+06
2.780741000000000000e+06
2.623455000000000000e+06
2.234375000000000000e+06
2.980588000000000000e+06
2.602502000000000000e+06
3.104512000000000000e+06
2.592847000000000000e+06
1.801773000000000000e+06
8.302979000000000000e+06
3.495588000000000000e+06
4.364047000000000000e+06
2.518787000000000000e+06
2.480311000000000000e+06
2.572228000000000000e+06
1.851408000000000000e+06
4.512201000000000000e+06
2.857807000000000000e+06
3.143827000000000000e+06
4.293907000000000000e+06
6.934568000000000000e+06
2.605177000000000000e+06
2.605790000000000000e+06
1.526297000000000000e+06
1.030590700000000000e+07
4.426867000000000000e+06
8.648862000000000000e+06
4.531819000000000000e+06
5.891381000000000000e+06
1.758910000000000000e+06
2.169613000000000000e+06
1.765195000000000000e+06
1.057856700000000000e+07
1.691837000000000000e+06
2.260325000000000000e+06
2.466566000000000000e+06
2.978280000000000000e+06
1.788582000000000000e+06
2.906763000000000000e+06
2.890400000000000000e+06
2.535649000000000000e+06
3.361304000000000000e+06
3.170559000000000000e+06
2.314604000000000000e+06
4.640982000000000000e+06
2.060426000000000000e+06
2.350994000000000000e+06
1.642714000000000000e+06
3.478615000000000000e+06
2.114707000000000000e+06
3.383027000000000000e+06
3.220158000000000000e+06
3.160329000000000000e+06
3.434539000000000000e+06
2.594009000000000000e+06
1.506347000000000000e+06
3.881297000000000000e+06
2.394075000000000000e+06
2.583270000000000000e+06
2.482045000000000000e+06
2.811221000000000000e+06
3.194084000000000000e+06
2.920737000000000000e+06
2.506467000000000000e+06
3.344698000000000000e+06
1.742584000000000000e+06
3.741965000000000000e+06
3.395238000000000000e+06
4.453218000000000000e+06
3.401604000000000000e+06
3.650494000000000000e+06
2.162373000000000000e+06
3.198371000000000000e+06
4.806637000000000000e+06
2.180743000000000000e+06
3.131709000000000000e+06
2.861256000000000000e+06
4.114359000000000000e+06
2.777595000000000000e+06
3.288341000000000000e+06
1.971600000000000000e+06
2.184635000000000000e+06
2.779656000000000000e+06
5.590921000000000000e+06
1.921420000000000000e+06
2.073975000000000000e+06
2.636318000000000000e+06
2.448865000000000000e+06
3.471267000000000000e+06
4.580488000000000000e+06
4.665498000000000000e+06
3.898627000000000000e+06
2.730887000000000000e+06
2.172109000000000000e+06
1.899815000000000000e+06
2.316537000000000000e+06
3.080635000000000000e+06
3.015644000000000000e+06
4.545592000000000000e+06
3.515243000000000000e+06
2.383696000000000000e+06
3.388370000000000000e+06
2.350542000000000000e+06
4.341726000000000000e+06
5.212471000000000000e+06
3.090775000000000000e+06
2.921744000000000000e+06
2.760009000000000000e+06
2.693694000000000000e+06
3.325738000000000000e+06
1.890640000000000000e+06
3.877499000000000000e+06
3.600890000000000000e+06
1.940057000000000000e+06
3.812126000000000000e+06
3.228397000000000000e+06
2.900585000000000000e+06
2.218406000000000000e+06
3.392116000000000000e+06
3.047847000000000000e+06
2.661882000000000000e+06
2.952024000000000000e+06
3.339857000000000000e+06
2.920331000000000000e+06
4.674473000000000000e+06
4.119443000000000000e+06
2.274802000000000000e+06
4.087723000000000000e+06
2.186860000000000000e+06
3.546346000000000000e+06
2.890588000000000000e+06
2.756477000000000000e+06
2.892593000000000000e+06
3.060140000000000000e+06
4.357289000000000000e+06
2.586403000000000000e+06
3.112200000000000000e+06
3.435413000000000000e+06
2.266319000000000000e+06
2.738629000000000000e+06
2.958763000000000000e+06
2.942643000000000000e+06
2.300434000000000000e+06
1.938116000000000000e+06
2.639554000000000000e+06
2.256173000000000000e+06
4.721623000000000000e+06
3.400324000000000000e+06
4.352056000000000000e+06
2.242285000000000000e+06
3.496273000000000000e+06
3.362636000000000000e+06
1.655216000000000000e+06
2.792877000000000000e+06
3.897233000000000000e+06
1.967128000000000000e+06
1.577556000000000000e+06
2.721603000000000000e+06
3.300297000000000000e+06
2.671074000000000000e+06
3.095092000000000000e+06
2.752802000000000000e+06
3.535191000000000000e+06
2.087985000000000000e+06
3.623327000000000000e+06
2.752996000000000000e+06
3.351118000000000000e+06
2.549096000000000000e+06
3.229910000000000000e+06
2.779124000000000000e+06
2.050948000000000000e+06
2.836768000000000000e+06
2.715674000000000000e+06
3.237421000000000000e+06
2.001821000000000000e+06
1.987354000000000000e+06
2.746505000000000000e+06
2.299324000000000000e+06
2.811347000000000000e+06
2.606822000000000000e+06
2.804671000000000000e+06
2.901853000000000000e+06
3.485255000000000000e+06
2.862621000000000000e+06
2.654129000000000000e+06
3.021055000000000000e+06
2.982893000000000000e+06
4.753288000000000000e+06
4.029711000000000000e+06
5.282965000000000000e+06
6.871356000000000000e+06
4.734589000000000000e+06
4.815735000000000000e+06
4.957333000000000000e+06
2.592932000000000000e+06
3.645690000000000000e+06
3.479991000000000000e+06
2.639650000000000000e+06
2.916019000000000000e+06
3.369216000000000000e+06
2.613077000000000000e+06
2.893156000000000000e+06
5.497534000000000000e+06
3.556404000000000000e+06
4.631634000000000000e+06
4.554422000000000000e+06
4.520411000000000000e+06
1.174317600000000000e+07
1.247262600000000000e+07
1.026142900000000000e+07
1.000401200000000000e+07
1.016622200000000000e+07
8.244919000000000000e+06
