0.000000000000000000e+00
0.000000000000000000e+00
0.000000000000000000e+00
0.000000000000000000e+00
0.000000000000000000e+00
0.000000000000000000e+00
0.000000000000000000e+00
0.000000000000000000e+00
0.000000000000000000e+00
0.000000000000000000e+00
0.000000000000000000e+00
0.000000000000000000e+00
0.000000000000000000e+00
0.000000000000000000e+00
0.000000000000000000e+00
0.000000000000000000e+00
0.000000000000000000e+00
0.000000000000000000e+00
0.000000000000000000e+00
0.000000000000000000e+00
0.000000000000000000e+00
0.000000000000000000e+00
1.000000000000000021e-02
9.900000000000000813e-03
9.801000000000000684e-03
9.702989999999999879e-03
9.605960099999999793e-03
9.509900498999999258e-03
9.414801494009999994e-03
9.320653479069899994e-03
9.227446944279200230e-03
9.135172474836408471e-03
2.904382075008804520e-02
2.875338254258716364e-02
2.846584871716129062e-02
2.818119022998967840e-02
2.789937832768978054e-02
2.762038454441288413e-02
2.734418069896875358e-02
2.707073889197906744e-02
2.680003150305927673e-02
2.653203118802868396e-02
2.626671087614839556e-02
2.600404376738691195e-02
2.574400332971304300e-02
2.548656329641591292e-02
2.523169766345175272e-02
2.497938068681723398e-02
2.472958687994906285e-02
2.448229101114957063e-02
2.423746810103807534e-02
2.399509342002769524e-02
2.375514248582741642e-02
2.351759106096914034e-02
2.328241515035944786e-02
2.304959099885585394e-02
2.281909508886729651e-02
2.259090413797862351e-02
2.236499509659883866e-02
2.214134514563284931e-02
2.191993169417652196e-02
2.170073237723475768e-02
2.148372505346241024e-02
2.126888780292778697e-02
2.105619892489851014e-02
2.084563693564952386e-02
2.063718056629302786e-02
2.043080876063009879e-02
2.022650067302379784e-02
3.002423566629355833e-02
2.972399330963062386e-02
2.942675337653431755e-02
2.913248584276897576e-02
2.884116098434128667e-02
2.855274937449787248e-02
2.826722188075289285e-02
2.798454966194536403e-02
2.770470416532590935e-02
2.742765712367264963e-02
2.715338055243592119e-02
2.688184674691156129e-02
2.661302827944244526e-02
2.634689799664802212e-02
2.608342901668154329e-02
2.582259472651472765e-02
2.556436877924957857e-02
2.530872509145708216e-02
2.505563784054251272e-02
2.480508146213708867e-02
2.455703064751571865e-02
2.431146034104056039e-02
2.406834573763015628e-02
2.382766228025385430e-02
2.358938565745131652e-02
2.335349180087680290e-02
2.311995688286803616e-02
2.288875731403935618e-02
2.265986974089896286e-02
2.243327104348997320e-02
2.220893833305507409e-02
2.198684894972452453e-02
2.176698046022727817e-02
2.154931065562500428e-02
2.133381754906875372e-02
2.112047937357806535e-02
2.090927457984228383e-02
2.070018183404385981e-02
2.049318001570342093e-02
2.028824821554638808e-02
2.008536573339092524e-02
1.988451207605701487e-02
1.968566695529644361e-02
1.948881028574347973e-02
1.929392218288604466e-02
1.910098296105718421e-02
1.890997313144661060e-02
1.872087340013214515e-02
1.853366466613082242e-02
1.834832801946951336e-02
1.816484473927481788e-02
1.798319629188207050e-02
1.780336432896325108e-02
1.762533068567362013e-02
1.744907737881688445e-02
1.727458660502871612e-02
1.710184073897842716e-02
1.693082233158864358e-02
1.676151410827275701e-02
1.659389896719002874e-02
1.642795997751812787e-02
1.626368037774294714e-02
1.610104357396551639e-02
1.594003313822586060e-02
1.578063280684360165e-02
1.562282647877516473e-02
1.546659821398741266e-02
1.531193223184753802e-02
1.515881290952906212e-02
1.500722478043377099e-02
1.485715253262943382e-02
1.470858100730313908e-02
1.456149519723010793e-02
1.441588024525780609e-02
1.427172144280522761e-02
1.412900422837717537e-02
1.398771418609340289e-02
1.384783704423246838e-02
1.370935867379014308e-02
1.357226508705224217e-02
1.343654243618172019e-02
1.330217701181990279e-02
1.316915524170170389e-02
1.303746368928468749e-02
1.290708905239184093e-02
1.277801816186792221e-02
1.265023798024924283e-02
1.252373560044675073e-02
2.239849824444228171e-02
2.217451326199785730e-02
2.195276812937787744e-02
2.173324044808409850e-02
2.151590804360325668e-02
2.130074896316722435e-02
2.108774147353555117e-02
2.087686405880019580e-02
2.066809541821219495e-02
2.046141446403007200e-02
2.025680031938976999e-02
2.005423231619587326e-02
1.985368999303391280e-02
1.965515309310357506e-02
1.945860156217254014e-02
1.926401554655081394e-02
1.907137539108530455e-02
1.888066163717445206e-02
1.869185502080270705e-02
1.850493647059468089e-02
1.831988710588873526e-02
1.813668823482984804e-02
1.795532135248155067e-02
1.777576813895673583e-02
1.759801045756716892e-02
1.742203035299149869e-02
1.724781004946158297e-02
1.707533194896696666e-02
2.690457862947729512e-02
2.663553284318252029e-02
2.636917751475069405e-02
2.610548573960318544e-02
2.584443088220715265e-02
2.558598657338508053e-02
2.533012670765123070e-02
2.507682544057471957e-02
2.482605718616897120e-02
2.457779661430728110e-02
3.433201864816420867e-02
3.398869846168256492e-02
3.364881147706574177e-02
3.331232336229508068e-02
3.297920012867212869e-02
3.264940812738540560e-02
3.232291404611155328e-02
3.199968490565043705e-02
3.167968805659393539e-02
3.136289117602799464e-02
3.104926226426771296e-02
3.073876964162503694e-02
3.043138194520878664e-02
3.012706812575670010e-02
2.982579744449913306e-02
2.952753947005413993e-02
2.923226407535359922e-02
2.893994143460006455e-02
2.865054202025406338e-02
2.836403660005152108e-02
2.808039623405100479e-02
2.779959227171049582e-02
2.752159634899339208e-02
2.724638038550345961e-02
2.697391658164842443e-02
2.670417741583194088e-02
2.643713564167362098e-02
2.617276428525688522e-02
2.591103664240431564e-02
2.565192627598027186e-02
2.539540701322046817e-02
2.514145294308826190e-02
2.489003841365737893e-02
2.464113802952080587e-02
2.439472664922559889e-02
2.415077938273334224e-02
2.390927158890601006e-02
2.367017887301695045e-02
2.343347708428678011e-02
2.319914231344391217e-02
2.296715089030947413e-02
2.273747938140638011e-02
2.251010458759231461e-02
2.228500354171639164e-02
2.206215350629922925e-02
2.184153197123623810e-02
2.162311665152387430e-02
2.140688548500863445e-02
2.119281663015854661e-02
2.098088846385695941e-02
2.077107957921838985e-02
2.056336878342620439e-02
2.035773509559194241e-02
2.015415774463602192e-02
1.995261616718966083e-02
1.975309000551776425e-02
1.955555910546258672e-02
1.936000351440796130e-02
1.916640347926388058e-02
1.897473944447124194e-02
1.878499205002652842e-02
1.859714212952626178e-02
1.841117070823099916e-02
1.822705900114868910e-02
1.804478841113720325e-02
1.786434052702583208e-02
1.768569712175557460e-02
1.750884015053801729e-02
1.733375174903263594e-02
1.716041423154230847e-02
1.698881008922688632e-02
1.681892198833461610e-02
2.665073276845127126e-02
2.638422544076675716e-02
2.612038318635908837e-02
2.585917935449549843e-02
2.560058756095054400e-02
2.534458168534103883e-02
2.509113586848762956e-02
2.484022450980275312e-02
2.459182226470472618e-02
2.434590404205767833e-02
2.410244500163710030e-02
2.386142055162072950e-02
2.362280634610452318e-02
2.338657828264347621e-02
2.315271249981704083e-02
2.292118537481887056e-02
2.269197352107068036e-02
2.246505378585997303e-02
2.224040324800137178e-02
2.201799921552135761e-02
2.179781922336614455e-02
2.157984103113248439e-02
2.136404262082115812e-02
2.115040219461294599e-02
2.093889817266681580e-02
2.072950919094014577e-02
2.052221409903074584e-02
2.031699195804043817e-02
2.011382203846003372e-02
1.991268381807543425e-02
1.971355697989467942e-02
1.951642141009573075e-02
1.932125719599477390e-02
1.912804462403482758e-02
1.893676417779447882e-02
1.874739653601653275e-02
1.855992257065636891e-02
1.837432334494980626e-02
1.819058011150030685e-02
1.800867431038530309e-02
1.782858756728145089e-02
1.765030169160863513e-02
1.747379867469254708e-02
1.729906068794562213e-02
1.712607008106616438e-02
1.695480938025550194e-02
1.678526128645294740e-02
1.661740867358841786e-02
1.645123458685253393e-02
1.628672224098400706e-02
1.612385501857416595e-02
1.596261646838842418e-02
1.580299030370454008e-02
1.564496040066749513e-02
1.548851079666081938e-02
1.533362568869421107e-02
1.518028943180726835e-02
1.502848653748919613e-02
1.487820167211430407e-02
1.472941965539316042e-02
1.458212545883922837e-02
1.443630420425083549e-02
1.429194116220832735e-02
1.414902175058624367e-02
1.400753153308038033e-02
1.386745621774957554e-02
1.372878165557207993e-02
1.359149383901635949e-02
1.345557890062619617e-02
1.332102311161993333e-02
1.318781288050373431e-02
1.305593475169869629e-02
1.292537540418171003e-02
1.279612165013989215e-02
1.266816043363849266e-02
1.254147882930210789e-02
1.241606404100908598e-02
1.229190340059899481e-02
1.216898436659300496e-02
1.204729452292707496e-02
1.192682157769780343e-02
1.180755336192082505e-02
1.168947782830161673e-02
1.157258305001860124e-02
1.145685721951841471e-02
1.134228864732323046e-02
1.122886576084999866e-02
1.111657710324149943e-02
1.100541133220908456e-02
1.089535721888699321e-02
1.078640364669812383e-02
1.067853961023114244e-02
1.057175421412883017e-02
1.046603667198754174e-02
1.036137630526766558e-02
1.025776254221498832e-02
1.015518491679283895e-02
1.005363306762491020e-02
9.953096736948661635e-03
9.853565769579174585e-03
9.755030111883382371e-03
9.657479810764549311e-03
9.560905012656903054e-03
9.465295962530333521e-03
9.370643002905030064e-03
9.276936572875980544e-03
9.184167207147221276e-03
9.092325535075749393e-03
9.001402279724991795e-03
8.911388256927742224e-03
8.822274374358464108e-03
8.734051630614879380e-03
8.646711114308730517e-03
8.560244003165642934e-03
8.474641563133987129e-03
8.389895147502646894e-03
8.305996196027620737e-03
8.222936234067343766e-03
8.140706871726671040e-03
8.059299803009404434e-03
7.978706804979310979e-03
7.898919736929518182e-03
7.819930539560222132e-03
7.741731234164619946e-03
7.664313921822973712e-03
7.587670782604743515e-03
7.511794074778695846e-03
7.436676134030908471e-03
7.362309372690598909e-03
7.288686278963693241e-03
7.215799416174056326e-03
7.143641422012315771e-03
7.072205007792192917e-03
