-1.700000000000000122e-01
-3.383000000000000451e-01
-3.249170000000000114e-01
-4.916678300000000279e-01
-6.667511516999999888e-01
-8.300836401830000710e-01
-9.917828037811701192e-01
-1.151864975743358332e+00
-1.310346325985924709e+00
-1.467242862726065411e+00
-1.622570434098804748e+00
-1.556344729757816570e+00
-1.710781282460238417e+00
-1.863673469635635849e+00
-2.015036734939279484e+00
-1.964886367589886662e+00
-2.025237503913987602e+00
-2.184985128874847859e+00
-2.193135277586099274e+00
-2.131203924810238348e+00
-2.279891885562135734e+00
-2.317092966706514545e+00
-2.293922037039449524e+00
-2.030982816669054891e+00
-1.960672988502364378e+00
-1.951066258617340621e+00
-2.121555596031167390e+00
-2.060340040070855583e+00
-1.989736639670147023e+00
-1.659839273273445492e+00
-1.533240880540710949e+00
-1.517908471735303744e+00
-1.382729387017950895e+00
-1.238902093147771222e+00
-1.056513072216293647e+00
-7.859479414941306086e-01
-3.808846207918925586e-02
1.522924225416026345e-01
2.240769498316186326e+00
2.678361803333024316e+00
2.661578185299693811e+00
2.684962403446696566e+00
2.488112779412229525e+00
3.783231651618107705e+00
6.085399335101926432e+00
6.494545341750907141e+00
6.809599888333397466e+00
7.011503889450063198e+00
7.281388850555562620e+00
8.048574962050007997e+00
8.508089212429506887e+00
8.133008320305211925e+00
7.871678237102159414e+00
7.592961454731137927e+00
7.337031840183827036e+00
7.093661521781989165e+00
6.852724906564168883e+00
6.554197657498527008e+00
6.338655680923541702e+00
7.115269124114306010e+00
1.296411643287316195e+01
1.271447526854443133e+01
1.273733051585898757e+01
1.286995721070039700e+01
1.991125763859339060e+01
2.597214506220745278e+01
2.604242361158537733e+01
3.396199937546952441e+01
3.605237938171482881e+01
3.580185558789767697e+01
3.597383703201870020e+01
3.580409866169851085e+01
3.569605767508152638e+01
3.735909709833071446e+01
3.769550612734740724e+01
3.928855106607392855e+01
3.941566555541319161e+01
4.228150889985905536e+01
4.376869381086046928e+01
5.098100687275186260e+01
5.685119680402434739e+01
5.804268483598410455e+01
5.989225798762426223e+01
6.166333540774801492e+01
6.494670205367053484e+01
6.589723503313382480e+01
6.920826268280248428e+01
7.582618005597446142e+01
7.925791825541470814e+01
8.411533907286056433e+01
8.629418568213195329e+01
8.820124382531062679e+01
9.087923138705751569e+01
9.173043907318694323e+01
9.627313468245506556e+01
1.023104033356305109e+02
1.069672993022741991e+02
1.125176263092514546e+02
1.140724500461589486e+02
1.209717255456973675e+02
1.238020082902403942e+02
1.287439882073379920e+02
1.295965483252645924e+02
1.281305828420119610e+02
1.269992770135918505e+02
1.277292842434559361e+02
1.271919914010213688e+02
1.290600714870111574e+02
1.282394707721410612e+02
1.275770760644196571e+02
1.268513053037754617e+02
1.265127922507377178e+02
1.281776643282303496e+02
1.278158876849480521e+02
1.286477288080985772e+02
1.287912515200175960e+02
1.302733390048174158e+02
1.316606056147692243e+02
1.309039995586215355e+02
1.301249595630353326e+02
1.293437099674049762e+02
1.285802728677309403e+02
1.279044701390536289e+02
1.278954254376630928e+02
1.300264711832864748e+02
1.308862064714536189e+02
1.323073444067390767e+02
1.319042709626716601e+02
1.311652282530449440e+02
1.317035759705144926e+02
1.316065402108093565e+02
1.319604748087012354e+02
1.316608700606142293e+02
1.312742613600080972e+02
1.312815187464080111e+02
1.315087035589439211e+02
1.321536165233544864e+02
1.323320803581209475e+02
1.319087595545397562e+02
1.309196719589943712e+02
1.305604752394044112e+02
1.298548704870103734e+02
1.290763217821402691e+02
1.285255585643188567e+02
1.291403029786756633e+02
1.313988999488888965e+02
1.312249109493999981e+02
1.316126618399059964e+02
1.307465352215069174e+02
1.299190698692918318e+02
1.290098791705989072e+02
1.278197803788929150e+02
1.265615825751039836e+02
1.252959667493529423e+02
1.240830070818594209e+02
1.228121770110408306e+02
1.214740552409304257e+02
1.203693146885211149e+02
1.190356215416359049e+02
1.179552653262195463e+02
1.166857126729573508e+02
1.153488555462277816e+02
1.140653669907655114e+02
1.129147133208578566e+02
1.116955661876492769e+02
1.108486105257727843e+02
1.096401244205150647e+02
1.084137231763099152e+02
1.073295859445468210e+02
1.063562900851013495e+02
1.055627271842503347e+02
1.044670999124078179e+02
1.034724289132837356e+02
1.022677046241508947e+02
1.016250275779093784e+02
1.008687773021302831e+02
9.987008952910898074e+01
9.890138863381788781e+01
9.791237474747970282e+01
9.676325100000489954e+01
9.561561849000484870e+01
9.448946230510479438e+01
9.376456768205373749e+01
9.273692200523319684e+01
9.163955278518086800e+01
9.073315725732906856e+01
8.985582568475577148e+01
8.891726742790820026e+01
8.820809475362912622e+01
8.715601380609282955e+01
8.656445366803190211e+01
8.558880913135158153e+01
8.456292104003806287e+01
8.397729182963769290e+01
8.330751891134131881e+01
8.249444372222789923e+01
8.193949928500560986e+01
8.101010429215556030e+01
8.035000324923400683e+01
7.937650321674166776e+01
7.841273818457425193e+01
7.745861080272850074e+01
7.669402469470122696e+01
7.574708444775420446e+01
7.497961360327666114e+01
7.416981746724388813e+01
7.326811929257145550e+01
7.261543809964574336e+01
7.171928371864927954e+01
7.083209088146278987e+01
7.014376997264815827e+01
6.941233227292167385e+01
6.877820895019246450e+01
6.878042686069053957e+01
6.794262259208362309e+01
6.712319636616278729e+01
6.645196440250116154e+01
6.579744475847616059e+01
6.513947031089139728e+01
6.437807560778247762e+01
6.374429485170465171e+01
6.308685190318760050e+01
6.228598338415572044e+01
6.153312355031415848e+01
6.091779231481101675e+01
6.013861439166290523e+01
5.942722824774627810e+01
5.866295596526881440e+01
5.792632640561613044e+01
5.721706314155996864e+01
5.662489251014436320e+01
5.591864358504292198e+01
5.534945714919249582e+01
5.474596257770057406e+01
5.424850295192356242e+01
5.352601792240432843e+01
5.299075774318028209e+01
5.231085016574848368e+01
5.164774166409100076e+01
5.101126424745009302e+01
5.038115160497559231e+01
4.980734008892583375e+01
4.932926668803657577e+01
4.865597402115621151e+01
4.811941428094465323e+01
4.746822013813520158e+01
4.682353793675384424e+01
4.626530255738629904e+01
4.567264953181243214e+01
4.504592303649430818e+01
4.463546380612936559e+01
4.403910916806807307e+01
4.359871807638739227e+01
4.333273089562351998e+01
4.286940358666728201e+01
4.241070955080061111e+01
4.181660245529260322e+01
4.124843643073968025e+01
4.093595206643228579e+01
4.071659254576795917e+01
4.022942662031027794e+01
3.979713235410717687e+01
3.922916103056610382e+01
3.874686942026043823e+01
3.820940072605783655e+01
3.765730671879725833e+01
3.739073365160928830e+01
3.701682631509319776e+01
3.663665805194226976e+01
3.624029147142284302e+01
3.626788855670861267e+01
3.598520967114152569e+01
3.560535757443010851e+01
3.517930399868580338e+01
3.502751095869894726e+01
3.451723584911196241e+01
3.403206349062084257e+01
3.351174285571463685e+01
3.305662542715749197e+01
3.269605917288591712e+01
3.237909858115705219e+01
3.211530759534548451e+01
3.174415451939202981e+01
3.147671297419811154e+01
3.099194584445612932e+01
3.053202638601156949e+01
3.006670612215145511e+01
2.992603906092994137e+01
2.952677867032064185e+01
2.924151088361743689e+01
2.885909577478126309e+01
2.844050481703344957e+01
2.806609976886311486e+01
2.767543877117448403e+01
2.735868438346274090e+01
2.716509753962811047e+01
2.676344656423183110e+01
2.652581209858951539e+01
2.608055397760362126e+01
2.565974843782758441e+01
2.540315095344930896e+01
2.513911944391481512e+01
2.470772824947566804e+01
2.429065096698090898e+01
2.418774445731110134e+01
2.383586701273799235e+01
2.349750834261061172e+01
2.317253325918450457e+01
2.283080792659265867e+01
2.248249984732673212e+01
2.234767484885346533e+01
2.204419810036493388e+01
2.180375611936128522e+01
2.169571855816767325e+01
2.157876137258599769e+01
2.150297375886013640e+01
2.119794402127153532e+01
2.091596458105881950e+01
2.067680493524823149e+01
2.030003688589574651e+01
1.991703651703678801e+01
1.976786615186642138e+01
1.973018749034775610e+01
1.944288561544427907e+01
1.912845675928983624e+01
1.897717219169693692e+01
1.885740046977996798e+01
1.859882646508216908e+01
1.856283820043134725e+01
1.847720981842703480e+01
1.828243772024276126e+01
1.800961334304033201e+01
1.797951720960992716e+01
1.776972203751382651e+01
1.778202481713869076e+01
1.747420456896730556e+01
1.750946252327763375e+01
1.728436789804485585e+01
1.699152421906440580e+01
1.689160897687376206e+01
1.674269288710502224e+01
1.654526595823396917e+01
1.638981329865163161e+01
1.629591516566511444e+01
1.611295601400846422e+01
1.592182645386838047e+01
1.591260818932969734e+01
1.577348210743640067e+01
1.561574728636203702e+01
1.533958981349841721e+01
1.523619391536343315e+01
1.499383197620979935e+01
1.492389365644770116e+01
1.476465471988322342e+01
1.476700817268439181e+01
1.461933809095754810e+01
1.449314471004797156e+01
1.436821326294749213e+01
1.428453113031801713e+01
1.421168581901483741e+01
1.401956896082468873e+01
1.391937327121644152e+01
1.392017953850427681e+01
1.382097774311923288e+01
1.377276796568803974e+01
1.366504028603115906e+01
1.352838988317084734e+01
1.339310598433913846e+01
1.319917492449574681e+01
1.300718317525078938e+01
1.295711134349828164e+01
1.284754023006329859e+01
1.254906482776266508e+01
1.261357417948503823e+01
1.298743843769018724e+01
1.307756405331328509e+01
1.294678841278015291e+01
1.291732052865235048e+01
1.266814732336582772e+01
1.237146585013216971e+01
1.218775119163084675e+01
1.189587367971453880e+01
1.160691494291739367e+01
1.138084579348821990e+01
1.143703733555333812e+01
1.127266696219780329e+01
1.114994029257582575e+01
1.086844088965006705e+01
1.058975648075356624e+01
1.047385891594603002e+01
1.018912032678657020e+01
1.003722912351870455e+01
1.025685683228351763e+01
1.037428826396068260e+01
1.020054538132107602e+01
1.077853992750786460e+01
1.092075452823278603e+01
1.095154698295045925e+01
1.097203151312095493e+01
1.080231119798974504e+01
